Start testing: Sep 28 03:59 UTC
----------------------------------------------------------
1/1 Testing: MyTest
1/1 Test: MyTest
Command: "/cpp-dev/build/test/Test"
Directory: /cpp-dev/build
"MyTest" start time: Sep 28 03:59 UTC
Output:
----------------------------------------------------------
Running main() from /tmp/src/googletest-release-1.12.0/googletest/src/gtest_main.cc
[==========] Running 2 tests from 1 test suite.
[----------] Global test environment set-up.
[----------] 2 tests from MyLibTest
[ RUN      ] MyLibTest.SqrFuncCheck
[       OK ] MyLibTest.SqrFuncCheck (0 ms)
[ RUN      ] MyLibTest.SumFuncCheck
/cpp-dev/test/test.cpp:13: Failure
Expected equality of these values:
  sum(1.0, 2.0)
    Which is: -1
  3.0
    Which is: 3
[  FAILED  ] MyLibTest.SumFuncCheck (0 ms)
[----------] 2 tests from MyLibTest (0 ms total)

[----------] Global test environment tear-down
[==========] 2 tests from 1 test suite ran. (1 ms total)
[  PASSED  ] 1 test.
[  FAILED  ] 1 test, listed below:
[  FAILED  ] MyLibTest.SumFuncCheck

 1 FAILED TEST
<end of output>
Test time =   0.07 sec
----------------------------------------------------------
Test Failed.
"MyTest" end time: Sep 28 03:59 UTC
"MyTest" time elapsed: 00:00:00
----------------------------------------------------------

End testing: Sep 28 03:59 UTC
